<?xml version="1.0" encoding="UTF-8"?>
<!-- Generated by org.testng.reporters.JUnitReportReporter -->
<testsuite hostname="LAPTOP-RM37J4GC" failures="0" tests="2" name="B7NGPRO.NGtesting12.NewTest" time="34.373" errors="0" timestamp="2023-08-18T02:04:57 EDT" skipped="0">
  <testcase classname="B7NGPRO.NGtesting12.NewTest" name="fbtextCase1" time="17.370"/>
  <testcase classname="B7NGPRO.NGtesting12.NewTest" name="fbtextCase" time="17.003"/>
</testsuite> <!-- B7NGPRO.NGtesting12.NewTest -->
