<?xml version="1.0" encoding="UTF-8"?>
<!-- Generated by org.testng.reporters.JUnitReportReporter -->
<testsuite hostname="LAPTOP-RM37J4GC" failures="0" tests="2" name="B7NGPRO.NGtesting12.Testingwithscreenshots" time="35.064" errors="0" timestamp="2023-08-19T10:27:00 EDT" skipped="0">
  <testcase classname="B7NGPRO.NGtesting12.Testingwithscreenshots" name="fbtextTestCase1" time="17.732"/>
  <testcase classname="B7NGPRO.NGtesting12.Testingwithscreenshots" name="fbtextTestCase2" time="17.332"/>
</testsuite> <!-- B7NGPRO.NGtesting12.Testingwithscreenshots -->
