<?xml version="1.0" encoding="UTF-8"?>
<!-- Generated by org.testng.reporters.JUnitReportReporter -->
<testsuite hostname="LAPTOP-RM37J4GC" failures="0" tests="3" name="B7NGPRO.NGtesting12.NewTestDataProvider" time="37.170" errors="0" timestamp="2023-08-19T11:07:32 EDT" skipped="0">
  <testcase classname="B7NGPRO.NGtesting12.NewTestDataProvider" name="f" time="12.164"/>
  <testcase classname="B7NGPRO.NGtesting12.NewTestDataProvider" name="f" time="12.548"/>
  <testcase classname="B7NGPRO.NGtesting12.NewTestDataProvider" name="f" time="12.458"/>
</testsuite> <!-- B7NGPRO.NGtesting12.NewTestDataProvider -->
